<?xml version="1.0" encoding="UTF-8"?>
<!-- Generated by org.testng.reporters.JUnitXMLReporter -->
<testsuite hostname="SESHUBABU" name="Default test" tests="4" failures="0" timestamp="7 Jul 2023 01:32:49 GMT" time="10.459" errors="0">
  <testcase name="testPostUser" time="4.165" classname="api.test.UserTest"/>
  <testcase name="testgetUser" time="1.273" classname="api.test.UserTest"/>
  <testcase name="testUpDateUser" time="2.44" classname="api.test.UserTest"/>
  <testcase name="testdeleteUser" time="1.108" classname="api.test.UserTest"/>
</testsuite> <!-- Default test -->
