<?xml version="1.0" encoding="UTF-8"?>
<testng-results skipped="0" failed="0" total="4" passed="4">
  <reporter-output>
  </reporter-output>
  <suite name="Default suite" duration-ms="10459" started-at="2023-07-07T01:32:38Z" finished-at="2023-07-07T01:32:49Z">
    <groups>
    </groups>
    <test name="Default test" duration-ms="10459" started-at="2023-07-07T01:32:38Z" finished-at="2023-07-07T01:32:49Z">
      <class name="api.test.UserTest">
        <test-method status="PASS" signature="setupData()[pri:0, instance:api.test.UserTest@57829d67]" name="setupData" is-config="true" duration-ms="1042" started-at="2023-07-07T07:02:39Z" finished-at="2023-07-07T07:02:40Z">
          <reporter-output>
          </reporter-output>
        </test-method> <!-- setupData -->
        <test-method status="PASS" signature="testPostUser()[pri:1, instance:api.test.UserTest@57829d67]" name="testPostUser" duration-ms="4165" started-at="2023-07-07T07:02:40Z" finished-at="2023-07-07T07:02:44Z">
          <reporter-output>
          </reporter-output>
        </test-method> <!-- testPostUser -->
        <test-method status="PASS" signature="testgetUser()[pri:2, instance:api.test.UserTest@57829d67]" name="testgetUser" duration-ms="1273" started-at="2023-07-07T07:02:44Z" finished-at="2023-07-07T07:02:45Z">
          <reporter-output>
          </reporter-output>
        </test-method> <!-- testgetUser -->
        <test-method status="PASS" signature="testUpDateUser()[pri:3, instance:api.test.UserTest@57829d67]" name="testUpDateUser" duration-ms="2440" started-at="2023-07-07T07:02:45Z" finished-at="2023-07-07T07:02:48Z">
          <reporter-output>
          </reporter-output>
        </test-method> <!-- testUpDateUser -->
        <test-method status="PASS" signature="testdeleteUser()[pri:4, instance:api.test.UserTest@57829d67]" name="testdeleteUser" duration-ms="1108" started-at="2023-07-07T07:02:48Z" finished-at="2023-07-07T07:02:49Z">
          <reporter-output>
          </reporter-output>
        </test-method> <!-- testdeleteUser -->
      </class> <!-- api.test.UserTest -->
    </test> <!-- Default test -->
  </suite> <!-- Default suite -->
</testng-results>
